<?xml version="1.0" encoding="UTF-8"?>
<testng-results ignored="0" total="1" passed="1" failed="0" skipped="0">
  <reporter-output>
  </reporter-output>
  <suite started-at="2023-01-31T10:23:17 EST" name="Default suite" finished-at="2023-01-31T10:23:35 EST" duration-ms="18197">
    <groups>
    </groups>
    <test started-at="2023-01-31T10:23:17 EST" name="Default test" finished-at="2023-01-31T10:23:35 EST" duration-ms="18197">
      <class name="mmpPatientPortal.FrameworkSchApptTests">
        <test-method is-config="true" signature="instantiateDriver()[pri:0, instance:mmpPatientPortal.FrameworkSchApptTests@17497425]" started-at="2023-01-31T10:23:17 EST" name="instantiateDriver" finished-at="2023-01-31T10:23:19 EST" duration-ms="2052" status="PASS">
          <reporter-output>
          </reporter-output>
        </test-method> <!-- instantiateDriver -->
        <test-method signature="schApptTests()[pri:0, instance:mmpPatientPortal.FrameworkSchApptTests@17497425]" started-at="2023-01-31T10:23:19 EST" name="schApptTests" finished-at="2023-01-31T10:23:35 EST" duration-ms="16119" status="PASS">
          <reporter-output>
          </reporter-output>
        </test-method> <!-- schApptTests -->
      </class> <!-- mmpPatientPortal.FrameworkSchApptTests -->
    </test> <!-- Default test -->
  </suite> <!-- Default suite -->
</testng-results>
